\BOOKMARK [1][-]{section.1}{\376\377\000I\000n\000t\000r\000o\000d\000u\000c\000t\000i\000o\000n}{}% 1
\BOOKMARK [2][-]{subsection.1.1}{\376\377\000P\000r\000o\000b\000l\000e\000m\000\040\000S\000t\000a\000t\000e\000m\000e\000n\000t}{section.1}% 2
\BOOKMARK [2][-]{subsection.1.2}{\376\377\000M\000o\000t\000i\000v\000a\000t\000i\000o\000n}{section.1}% 3
\BOOKMARK [2][-]{subsection.1.3}{\376\377\000D\000a\000t\000a\000s\000e\000t\000\040\000D\000e\000s\000c\000r\000i\000p\000t\000i\000o\000n}{section.1}% 4
\BOOKMARK [1][-]{section.2}{\376\377\000D\000a\000t\000a\000\040\000S\000t\000r\000u\000c\000t\000u\000r\000e\000\040\000D\000e\000s\000i\000g\000n}{}% 5
\BOOKMARK [2][-]{subsection.2.1}{\376\377\000L\000i\000n\000k\000e\000d\000\040\000L\000i\000s\000t\000\040\000D\000e\000s\000i\000g\000n}{section.2}% 6
\BOOKMARK [2][-]{subsection.2.2}{\376\377\000B\000i\000n\000a\000r\000y\000\040\000S\000e\000a\000r\000c\000h\000\040\000T\000r\000e\000e\000\040\000D\000e\000s\000i\000g\000n}{section.2}% 7
\BOOKMARK [2][-]{subsection.2.3}{\376\377\000Q\000u\000e\000u\000e\000\040\000D\000e\000s\000i\000g\000n}{section.2}% 8
\BOOKMARK [2][-]{subsection.2.4}{\376\377\000C\000i\000r\000c\000u\000l\000a\000r\000\040\000Q\000u\000e\000u\000e\000\040\000D\000e\000s\000i\000g\000n}{section.2}% 9
\BOOKMARK [2][-]{subsection.2.5}{\376\377\000S\000t\000a\000c\000k\000\040\000D\000e\000s\000i\000g\000n}{section.2}% 10
\BOOKMARK [1][-]{section.3}{\376\377\000T\000r\000a\000d\000i\000n\000g\000\040\000S\000t\000r\000a\000t\000e\000g\000i\000e\000s}{}% 11
\BOOKMARK [2][-]{subsection.3.1}{\376\377\000F\000i\000x\000e\000d\000\040\000S\000I\000P\000\040\000S\000t\000r\000a\000t\000e\000g\000y}{section.3}% 12
\BOOKMARK [2][-]{subsection.3.2}{\376\377\000D\000y\000n\000a\000m\000i\000c\000\040\000S\000I\000P\000\040\000S\000t\000r\000a\000t\000e\000g\000y}{section.3}% 13
\BOOKMARK [2][-]{subsection.3.3}{\376\377\000G\000o\000l\000d\000e\000n\000\040\000C\000r\000o\000s\000s\000\040\000S\000t\000r\000a\000t\000e\000g\000y}{section.3}% 14
\BOOKMARK [2][-]{subsection.3.4}{\376\377\000M\000o\000m\000e\000n\000t\000u\000m\000\040\000S\000t\000r\000a\000t\000e\000g\000y}{section.3}% 15
\BOOKMARK [1][-]{section.4}{\376\377\000R\000e\000s\000u\000l\000t\000s\000\040\000a\000n\000d\000\040\000A\000n\000a\000l\000y\000s\000i\000s}{}% 16
\BOOKMARK [2][-]{subsection.4.1}{\376\377\000B\000a\000c\000k\000t\000e\000s\000t\000i\000n\000g\000\040\000o\000n\000\040\000S\000P\000X}{section.4}% 17
\BOOKMARK [2][-]{subsection.4.2}{\376\377\000C\000o\000m\000p\000a\000r\000s\000i\000o\000n\000\040\000T\000a\000b\000l\000e\000\040\000b\000a\000s\000e\000d\000\040\000o\000n\000\040\000S\000P\000X}{section.4}% 18
\BOOKMARK [2][-]{subsection.4.3}{\376\377\000B\000a\000c\000k\000t\000e\000s\000t\000i\000n\000g\000\040\000R\000e\000s\000u\000l\000t\000s}{section.4}% 19
\BOOKMARK [3][-]{subsubsection.4.3.1}{\376\377\000F\000i\000x\000e\000d\000\040\000S\000I\000P\000\040\000S\000t\000r\000a\000t\000e\000g\000y}{subsection.4.3}% 20
\BOOKMARK [3][-]{subsubsection.4.3.2}{\376\377\000D\000y\000n\000a\000m\000i\000c\000\040\000S\000I\000P\000\040\000S\000t\000r\000a\000t\000e\000g\000y}{subsection.4.3}% 21
\BOOKMARK [3][-]{subsubsection.4.3.3}{\376\377\000G\000o\000l\000d\000e\000n\000\040\000C\000r\000o\000s\000s\000\040\000S\000t\000r\000a\000t\000e\000g\000y}{subsection.4.3}% 22
\BOOKMARK [3][-]{subsubsection.4.3.4}{\376\377\0006\000-\000M\000o\000n\000t\000h\000\040\000M\000o\000m\000e\000n\000t\000u\000m\000\040\000S\000t\000r\000a\000t\000e\000g\000y}{subsection.4.3}% 23
\BOOKMARK [2][-]{subsection.4.4}{\376\377\000D\000y\000n\000a\000m\000i\000c\000\040\000v\000s\000\040\000F\000i\000x\000e\000d\000\040\000S\000I\000P}{section.4}% 24
\BOOKMARK [2][-]{subsection.4.5}{\376\377\000V\000o\000l\000a\000t\000i\000l\000e\000\040\000N\000V\000D\000A\000\040\000v\000s\000\040\000S\000P\000X}{section.4}% 25
\BOOKMARK [1][-]{section.5}{\376\377\000C\000o\000n\000c\000l\000u\000s\000i\000o\000n}{}% 26
\BOOKMARK [2][-]{subsection.5.1}{\376\377\000L\000e\000s\000s\000o\000n\000s\000\040\000L\000e\000a\000r\000n\000e\000d}{section.5}% 27
\BOOKMARK [2][-]{subsection.5.2}{\376\377\000L\000i\000m\000i\000t\000a\000t\000i\000o\000n\000s}{section.5}% 28
\BOOKMARK [2][-]{subsection.5.3}{\376\377\000I\000m\000p\000r\000o\000v\000e\000m\000e\000n\000t\000s}{section.5}% 29
